<?xml version="1.0" encoding="UTF-8"?>
<beans xmlns="http://www.springframework.org/schema/beans"
	xmlns:mvc="http://www.springframework.org/schema/mvc" 
	xmlns:context="http://www.springframework.org/schema/context"
	xmlns:xsi="http://www.w3.org/2001/XMLSchema-instance" 
	xmlns:tx="http://www.springframework.org/schema/tx"
	xsi:schemaLocation="
        http://www.springframework.org/schema/beans     
        http://www.springframework.org/schema/beans/spring-beans-3.2.xsd
        http://www.springframework.org/schema/mvc 
        http://www.springframework.org/schema/mvc/spring-mvc-3.2.xsd
        http://www.springframework.org/schema/context 
        http://www.springframework.org/schema/context/spring-context-3.2.xsd
        http://www.springframework.org/schema/tx
     	http://www.springframework.org/schema/tx/spring-tx-3.2.xsd">
     	
     	

	
	<!-- *********************** L10n ***************************** -->
	
	<bean id="messageSource"
		class="org.springframework.context.support.ReloadableResourceBundleMessageSource">
		<property name="basename" value="classpath:messages" />
		<property name="defaultEncoding" value="UTF-8" />
	</bean>
	
	<bean id="localeResolver" class="org.springframework.web.servlet.i18n.CookieLocaleResolver">
		<property name="defaultLocale" value="en" />
	</bean>
	
	<bean id="localeChangeInterceptor"
		class="org.springframework.web.servlet.i18n.LocaleChangeInterceptor">
		<property name="paramName" value="lang" />
	</bean>
	
	<bean id="handlerMapping"
    	class="org.springframework.web.servlet.mvc.annotation.DefaultAnnotationHandlerMapping">
	    <property name="interceptors">
	        <ref bean="localeChangeInterceptor" />
	    </property>    
	</bean>  
	
	<mvc:interceptors>  
        <bean class="org.springframework.web.servlet.i18n.LocaleChangeInterceptor">
              <property name="paramName" value="lang"></property>
        </bean>
	</mvc:interceptors>
	
	<bean id="personService" name="personService" class="org.mockito.Mockito" factory-method="mock">
		<constructor-arg value="com.ch018.library.service.PersonService"/>
	</bean>
	
	<bean id="bookService" name="bookService" class="org.mockito.Mockito" factory-method="mock">
		<constructor-arg value="com.ch018.library.service.BookService"/>
	</bean>
	
	<bean id="genreService" name="genreService" class="org.mockito.Mockito" factory-method="mock">
		<constructor-arg value="com.ch018.library.service.GenreService"/>
	</bean>
	
	<bean id="booksInUseService" name="booksInUseService" class="org.mockito.Mockito" factory-method="mock">
		<constructor-arg value="com.ch018.library.service.BooksInUseService"/>
	</bean>
	
	<bean id="wishListService" name="wishListService" class="org.mockito.Mockito" factory-method="mock">
		<constructor-arg value="com.ch018.library.service.WishListService"/>
	</bean>
	
	<bean id="ordersService" name="ordersService" class="org.mockito.Mockito" factory-method="mock">
		<constructor-arg value="com.ch018.library.service.OrdersService"/>
	</bean>
	
	<bean id="resetPwdValidation" name="resetPwdValidation" class="org.mockito.Mockito" factory-method="mock">
		<constructor-arg value="com.ch018.library.validator.ResetPwdValidation"/>
	</bean>
	
	<bean id="personValidation" name="personValidation" class="org.mockito.Mockito" factory-method="mock">
		<constructor-arg value="com.ch018.library.validator.PersonValidation"/>
	</bean>
	
	<bean id="registrationValidation" name="registrationValidation" class="org.mockito.Mockito" factory-method="mock">
		<constructor-arg value="com.ch018.library.validator.RegistrationValidation"/>
	</bean>
	
	<bean id="accountValidation" name="accountValidation" class="org.mockito.Mockito" factory-method="mock">
		<constructor-arg value="com.ch018.library.validator.AccountValidation"/>
	</bean>
	
	<bean id="changePass" name="changePass" class="org.mockito.Mockito" factory-method="mock">
		<constructor-arg value="com.ch018.library.validator.ChangePasswordValid"/>
	</bean>
	
	<bean id="localizationService" name="localizationService" class="org.mockito.Mockito" factory-method="mock">
		<constructor-arg value="com.ch018.library.service.LocalizationService"/>
	</bean>

</beans>